<?xml version="1.0" encoding="UTF-8"?>
<!-- Generated by org.testng.reporters.JUnitReportReporter -->
<testsuite skipped="0" hostname="Sarthak" name="in.bmw.scripts.LandingPageTest" tests="1" failures="0" timestamp="07 Apr 2020 04:52:47 GMT" time="8.749" errors="0">
  <testcase name="testLandingPage" time="8.749" classname="in.bmw.scripts.LandingPageTest"/>
</testsuite> <!-- in.bmw.scripts.LandingPageTest -->
